<?xml version="1.0" encoding="UTF-8"?>
<testng-results ignored="0" total="2" passed="2" failed="0" skipped="0">
  <reporter-output>
  </reporter-output>
  <suite started-at="2020-01-28T14:49:48 BRT" name="Default suite" finished-at="2020-01-28T14:50:15 BRT" duration-ms="27140">
    <groups>
    </groups>
    <test started-at="2020-01-28T14:49:48 BRT" name="Default test" finished-at="2020-01-28T14:50:15 BRT" duration-ms="27140">
      <class name="br.com.rsinet.hub_tdd.test.teste_pesquisa">
        <test-method is-config="true" signature="busca()[pri:0, instance:br.com.rsinet.hub_tdd.test.teste_pesquisa@2f177a4b]" started-at="2020-01-28T14:49:48 BRT" name="busca" finished-at="2020-01-28T14:49:59 BRT" duration-ms="10872" status="PASS">
          <reporter-output>
          </reporter-output>
        </test-method> <!-- busca -->
        <test-method signature="Teste_Pesquisa()[pri:0, instance:br.com.rsinet.hub_tdd.test.teste_pesquisa@2f177a4b]" started-at="2020-01-28T14:49:59 BRT" name="Teste_Pesquisa" finished-at="2020-01-28T14:50:01 BRT" duration-ms="2213" status="PASS">
          <reporter-output>
          </reporter-output>
        </test-method> <!-- Teste_Pesquisa -->
        <test-method is-config="true" signature="finalizaTeste(org.testng.ITestResult)[pri:0, instance:br.com.rsinet.hub_tdd.test.teste_pesquisa@2f177a4b]" started-at="2020-01-28T14:50:01 BRT" name="finalizaTeste" finished-at="2020-01-28T14:50:02 BRT" duration-ms="1117" status="PASS">
          <params>
            <param index="0">
              <value>
                <![CDATA[[TestResult name=Teste_Pesquisa status=SUCCESS method=teste_pesquisa.Teste_Pesquisa()[pri:0, instance:br.com.rsinet.hub_tdd.test.teste_pesquisa@2f177a4b] output={null}]]]>
              </value>
            </param>
          </params>
          <reporter-output>
          </reporter-output>
        </test-method> <!-- finalizaTeste -->
        <test-method is-config="true" signature="busca()[pri:0, instance:br.com.rsinet.hub_tdd.test.teste_pesquisa@2f177a4b]" started-at="2020-01-28T14:50:02 BRT" name="busca" finished-at="2020-01-28T14:50:12 BRT" duration-ms="10200" status="PASS">
          <reporter-output>
          </reporter-output>
        </test-method> <!-- busca -->
        <test-method signature="Teste_Pesquisa_Negativo()[pri:0, instance:br.com.rsinet.hub_tdd.test.teste_pesquisa@2f177a4b]" started-at="2020-01-28T14:50:12 BRT" name="Teste_Pesquisa_Negativo" finished-at="2020-01-28T14:50:14 BRT" duration-ms="1774" status="PASS">
          <reporter-output>
          </reporter-output>
        </test-method> <!-- Teste_Pesquisa_Negativo -->
        <test-method is-config="true" signature="finalizaTeste(org.testng.ITestResult)[pri:0, instance:br.com.rsinet.hub_tdd.test.teste_pesquisa@2f177a4b]" started-at="2020-01-28T14:50:14 BRT" name="finalizaTeste" finished-at="2020-01-28T14:50:15 BRT" duration-ms="940" status="PASS">
          <params>
            <param index="0">
              <value>
                <![CDATA[[TestResult name=Teste_Pesquisa_Negativo status=SUCCESS method=teste_pesquisa.Teste_Pesquisa_Negativo()[pri:0, instance:br.com.rsinet.hub_tdd.test.teste_pesquisa@2f177a4b] output={null}]]]>
              </value>
            </param>
          </params>
          <reporter-output>
          </reporter-output>
        </test-method> <!-- finalizaTeste -->
      </class> <!-- br.com.rsinet.hub_tdd.test.teste_pesquisa -->
    </test> <!-- Default test -->
  </suite> <!-- Default suite -->
</testng-results>
