<?xml version="1.0" encoding="UTF-8"?>
<testng-results ignored="0" total="2" passed="2" failed="0" skipped="0">
  <reporter-output>
  </reporter-output>
  <suite started-at="2020-01-22T09:26:51 BRT" name="Default suite" finished-at="2020-01-22T09:27:15 BRT" duration-ms="24908">
    <groups>
    </groups>
    <test started-at="2020-01-22T09:26:51 BRT" name="Default test" finished-at="2020-01-22T09:27:15 BRT" duration-ms="24908">
      <class name="br.com.rsinet.hub_tdd.test.teste_consulta">
        <test-method is-config="true" signature="consulta()[pri:0, instance:br.com.rsinet.hub_tdd.test.teste_consulta@2f177a4b]" started-at="2020-01-22T09:26:51 BRT" name="consulta" finished-at="2020-01-22T09:27:01 BRT" duration-ms="10811" status="PASS">
          <reporter-output>
          </reporter-output>
        </test-method> <!-- consulta -->
        <test-method signature="Teste_Busca()[pri:0, instance:br.com.rsinet.hub_tdd.test.teste_consulta@2f177a4b]" started-at="2020-01-22T09:27:01 BRT" name="Teste_Busca" finished-at="2020-01-22T09:27:02 BRT" duration-ms="923" status="PASS">
          <reporter-output>
          </reporter-output>
        </test-method> <!-- Teste_Busca -->
        <test-method is-config="true" signature="finalizaTeste(org.testng.ITestResult)[pri:0, instance:br.com.rsinet.hub_tdd.test.teste_consulta@2f177a4b]" started-at="2020-01-22T09:27:02 BRT" name="finalizaTeste" finished-at="2020-01-22T09:27:03 BRT" duration-ms="1201" status="PASS">
          <params>
            <param index="0">
              <value>
                <![CDATA[[TestResult name=Teste_Busca status=SUCCESS method=teste_consulta.Teste_Busca()[pri:0, instance:br.com.rsinet.hub_tdd.test.teste_consulta@2f177a4b] output={null}]]]>
              </value>
            </param>
          </params>
          <reporter-output>
          </reporter-output>
        </test-method> <!-- finalizaTeste -->
        <test-method is-config="true" signature="consulta()[pri:0, instance:br.com.rsinet.hub_tdd.test.teste_consulta@2f177a4b]" started-at="2020-01-22T09:27:03 BRT" name="consulta" finished-at="2020-01-22T09:27:14 BRT" duration-ms="10079" status="PASS">
          <reporter-output>
          </reporter-output>
        </test-method> <!-- consulta -->
        <test-method signature="Teste_Busca_Negativo()[pri:0, instance:br.com.rsinet.hub_tdd.test.teste_consulta@2f177a4b]" started-at="2020-01-22T09:27:14 BRT" name="Teste_Busca_Negativo" finished-at="2020-01-22T09:27:14 BRT" duration-ms="864" status="PASS">
          <reporter-output>
          </reporter-output>
        </test-method> <!-- Teste_Busca_Negativo -->
        <test-method is-config="true" signature="finalizaTeste(org.testng.ITestResult)[pri:0, instance:br.com.rsinet.hub_tdd.test.teste_consulta@2f177a4b]" started-at="2020-01-22T09:27:14 BRT" name="finalizaTeste" finished-at="2020-01-22T09:27:15 BRT" duration-ms="1004" status="PASS">
          <params>
            <param index="0">
              <value>
                <![CDATA[[TestResult name=Teste_Busca_Negativo status=SUCCESS method=teste_consulta.Teste_Busca_Negativo()[pri:0, instance:br.com.rsinet.hub_tdd.test.teste_consulta@2f177a4b] output={null}]]]>
              </value>
            </param>
          </params>
          <reporter-output>
          </reporter-output>
        </test-method> <!-- finalizaTeste -->
      </class> <!-- br.com.rsinet.hub_tdd.test.teste_consulta -->
    </test> <!-- Default test -->
  </suite> <!-- Default suite -->
</testng-results>
